[2025-12-31 18:41:10] Add member user=1 to club=1 role=1
[2025-12-31 19:05:39] 系统启动
[2025-12-31 19:06:20] 系统启动
[2025-12-31 19:06:35] 用户注册: 1 (ID=2, 角色=1)
[2025-12-31 19:06:38] 用户登录: 1 (ID=2)
[2025-12-31 19:06:48] 系统启动
[2025-12-31 19:09:18] 系统启动
[2025-12-31 19:09:39] 用户登录: 1 (ID=2)
[2025-12-31 19:20:10] 系统启动
[2025-12-31 19:21:19] 用户登录: 1 (ID=2)
[2025-12-31 19:21:45] Create club id=2 name=2 founder=2
[2025-12-31 19:22:59] Create club id=3 name=2 founder=2
[2025-12-31 19:24:20] 系统启动
[2025-12-31 19:24:45] 用户登录: 1 (ID=2)
[2025-12-31 19:24:57] Create club id=4 name=1 founder=2
[2025-12-31 19:25:41] 用户注册: 2 (ID=3, 角色=2)
[2025-12-31 19:25:43] 用户登录: 2 (ID=3)
[2025-12-31 19:26:07] 管理员批准社团: 1 (ID=4)
[2025-12-31 19:26:13] 用户登录: 1 (ID=2)
[2025-12-31 23:02:33] 系统启动
[2025-12-31 23:06:46] 系统启动
[2025-12-31 23:07:41] 用户注册: 1 (ID=13962337, 角色=1)
[2025-12-31 23:07:46] 用户登录: 1 (ID=13962337)
[2025-12-31 23:08:10] Create club id=13962713 name=1 founder=13962337
[2025-12-31 23:08:24] 用户注册: 2 (ID=13962338, 角色=2)
[2025-12-31 23:08:29] 用户登录: 2 (ID=13962338)
[2025-12-31 23:08:52] 管理员批准社团: 1 (ID=13962713)
[2025-12-31 23:08:57] 用户登录: 1 (ID=13962337)
[2025-12-31 23:11:43] 系统启动
[2025-12-31 23:12:38] 用户注册: 1 (ID=13831265, 角色=1)
[2025-12-31 23:12:45] 用户注册: 2 (ID=13831266, 角色=2)
[2025-12-31 23:12:55] 用户注册: 3 (ID=13831267, 角色=0)
[2025-12-31 23:12:59] 用户登录: 1 (ID=13831265)
[2025-12-31 23:13:25] Create club id=13831641 name=4 founder=13831265
[2025-12-31 23:13:31] 用户登录: 2 (ID=13831266)
[2025-12-31 23:13:49] 管理员批准社团: 4 (ID=13831641)
[2025-12-31 23:15:05] 用户登录: 1 (ID=13831265)
[2025-12-31 23:15:27] Create club id=13831642 name=5 founder=13831265
[2025-12-31 23:15:52] 用户登录: 3 (ID=13831267)
[2025-12-31 23:16:14] 用户登录: 1 (ID=13831265)
[2025-12-31 23:16:26] Add member user=13831267 to club=13831641 role=3
[2025-12-31 23:18:13] Create activity id=13844449 club=13831641 name=5 start=2025-12-30 00：00 end=2025-12-31 00：00
[2025-12-31 23:18:35] 社长申请经费: 社团ID=13831641 金额=1000.00
[2025-12-31 23:18:54] Add transaction id=13831641 club=13831641 amount=12.00 desc=1
[2025-12-31 23:19:40] 用户登录: 2 (ID=13831266)
[2025-12-31 23:20:29] 系统启动
[2025-12-31 23:20:32] 用户登录: 2 (ID=13831266)
[2025-12-31 23:20:51] 管理员批准活动: 5 (ID=13844449)
[2025-12-31 23:21:06] Add transaction id=13831642 club=13831641 amount=1000.00 desc=1
[2025-12-31 23:21:06] 管理员批准经费申请: ID=13844449 金额=1000.00
[2025-12-31 23:21:51] 用户登录: 3 (ID=13831267)
[2025-12-31 23:22:10] Remove member user=13831267 from club=13831641
